2024-09-11 19:31:55 0 [Note] Starting MariaDB 10.4.32-MariaDB source revision c4143f909528e3fab0677a28631d10389354c491 as process 16124
2024-09-11 19:31:55 0 [Note] InnoDB: Mutexes and rw_locks use Windows interlocked functions
2024-09-11 19:31:55 0 [Note] InnoDB: Uses event mutexes
2024-09-11 19:31:55 0 [Note] InnoDB: Compressed tables use zlib 1.3
2024-09-11 19:31:55 0 [Note] InnoDB: Number of pools: 1
2024-09-11 19:31:55 0 [Note] InnoDB: Using SSE2 crc32 instructions
2024-09-11 19:31:55 0 [Note] InnoDB: Initializing buffer pool, total size = 16M, instances = 1, chunk size = 16M
2024-09-11 19:31:55 0 [Note] InnoDB: Completed initialization of buffer pool
2024-09-11 19:31:55 0 [Note] InnoDB: Starting crash recovery from checkpoint LSN=300288
2024-09-11 19:31:55 0 [Note] InnoDB: 128 out of 128 rollback segments are active.
2024-09-11 19:31:55 0 [Note] InnoDB: Removed temporary tablespace data file: "ibtmp1"
2024-09-11 19:31:55 0 [Note] InnoDB: Creating shared tablespace for temporary tables
2024-09-11 19:31:55 0 [Note] InnoDB: Setting file 'C:\xampp\mysql\data\ibtmp1' size to 12 MB. Physically writing the file full; Please wait ...
2024-09-11 19:31:55 0 [Note] InnoDB: File 'C:\xampp\mysql\data\ibtmp1' size is now 12 MB.
2024-09-11 19:31:55 0 [Note] InnoDB: Waiting for purge to start
2024-09-11 19:31:55 0 [Note] InnoDB: 10.4.32 started; log sequence number 300297; transaction id 170
2024-09-11 19:31:55 0 [Note] InnoDB: Loading buffer pool(s) from C:\xampp\mysql\data\ib_buffer_pool
2024-09-11 19:31:55 0 [Note] Plugin 'FEEDBACK' is disabled.
2024-09-11 19:31:55 0 [Note] InnoDB: Buffer pool(s) load completed at 240911 19:31:55
2024-09-11 19:31:55 0 [Note] Server socket created on IP: '::'.
2024-09-11 21:53:17 0 [Note] Starting MariaDB 10.4.32-MariaDB source revision c4143f909528e3fab0677a28631d10389354c491 as process 17920
2024-09-11 21:53:17 0 [Note] InnoDB: Mutexes and rw_locks use Windows interlocked functions
2024-09-11 21:53:17 0 [Note] InnoDB: Uses event mutexes
2024-09-11 21:53:17 0 [Note] InnoDB: Compressed tables use zlib 1.3
2024-09-11 21:53:17 0 [Note] InnoDB: Number of pools: 1
2024-09-11 21:53:17 0 [Note] InnoDB: Using SSE2 crc32 instructions
2024-09-11 21:53:17 0 [Note] InnoDB: Initializing buffer pool, total size = 16M, instances = 1, chunk size = 16M
2024-09-11 21:53:17 0 [Note] InnoDB: Completed initialization of buffer pool
2024-09-11 21:53:17 0 [Note] InnoDB: Starting crash recovery from checkpoint LSN=312532
2024-09-11 21:53:17 0 [Note] InnoDB: 128 out of 128 rollback segments are active.
2024-09-11 21:53:17 0 [Note] InnoDB: Removed temporary tablespace data file: "ibtmp1"
2024-09-11 21:53:17 0 [Note] InnoDB: Creating shared tablespace for temporary tables
2024-09-11 21:53:17 0 [Note] InnoDB: Setting file 'C:\xampp\mysql\data\ibtmp1' size to 12 MB. Physically writing the file full; Please wait ...
2024-09-11 21:53:17 0 [Note] InnoDB: File 'C:\xampp\mysql\data\ibtmp1' size is now 12 MB.
2024-09-11 21:53:17 0 [Note] InnoDB: Waiting for purge to start
2024-09-11 21:53:18 0 [Note] InnoDB: 10.4.32 started; log sequence number 312541; transaction id 224
2024-09-11 21:53:18 0 [Note] InnoDB: Loading buffer pool(s) from C:\xampp\mysql\data\ib_buffer_pool
2024-09-11 21:53:18 0 [Note] Plugin 'FEEDBACK' is disabled.
2024-09-11 21:53:18 0 [Note] Server socket created on IP: '::'.
2024-09-12 20:14:34 0 [Note] Starting MariaDB 10.4.32-MariaDB source revision c4143f909528e3fab0677a28631d10389354c491 as process 3112
2024-09-12 20:14:34 0 [Note] InnoDB: Mutexes and rw_locks use Windows interlocked functions
2024-09-12 20:14:34 0 [Note] InnoDB: Uses event mutexes
2024-09-12 20:14:34 0 [Note] InnoDB: Compressed tables use zlib 1.3
2024-09-12 20:14:34 0 [Note] InnoDB: Number of pools: 1
2024-09-12 20:14:34 0 [Note] InnoDB: Using SSE2 crc32 instructions
2024-09-12 20:14:34 0 [Note] InnoDB: Initializing buffer pool, total size = 16M, instances = 1, chunk size = 16M
2024-09-12 20:14:34 0 [Note] InnoDB: Completed initialization of buffer pool
2024-09-12 20:14:34 0 [Note] InnoDB: Starting crash recovery from checkpoint LSN=312550
2024-09-12 20:14:34 0 [Note] InnoDB: 128 out of 128 rollback segments are active.
2024-09-12 20:14:34 0 [Note] InnoDB: Removed temporary tablespace data file: "ibtmp1"
2024-09-12 20:14:34 0 [Note] InnoDB: Creating shared tablespace for temporary tables
2024-09-12 20:14:34 0 [Note] InnoDB: Setting file 'C:\xampp\mysql\data\ibtmp1' size to 12 MB. Physically writing the file full; Please wait ...
2024-09-12 20:14:34 0 [Note] InnoDB: File 'C:\xampp\mysql\data\ibtmp1' size is now 12 MB.
2024-09-12 20:14:34 0 [Note] InnoDB: Waiting for purge to start
2024-09-12 20:14:34 0 [Note] InnoDB: 10.4.32 started; log sequence number 312559; transaction id 224
2024-09-12 20:14:34 0 [Note] InnoDB: Loading buffer pool(s) from C:\xampp\mysql\data\ib_buffer_pool
2024-09-12 20:14:34 0 [Note] Plugin 'FEEDBACK' is disabled.
2024-09-12 20:14:34 0 [Note] Server socket created on IP: '::'.
2024-09-12 21:06:22 0 [Note] Starting MariaDB 10.4.32-MariaDB source revision c4143f909528e3fab0677a28631d10389354c491 as process 12632
2024-09-12 21:06:22 0 [Note] InnoDB: Mutexes and rw_locks use Windows interlocked functions
2024-09-12 21:06:22 0 [Note] InnoDB: Uses event mutexes
2024-09-12 21:06:22 0 [Note] InnoDB: Compressed tables use zlib 1.3
2024-09-12 21:06:22 0 [Note] InnoDB: Number of pools: 1
2024-09-12 21:06:22 0 [Note] InnoDB: Using SSE2 crc32 instructions
2024-09-12 21:06:22 0 [Note] InnoDB: Initializing buffer pool, total size = 16M, instances = 1, chunk size = 16M
2024-09-12 21:06:22 0 [Note] InnoDB: Completed initialization of buffer pool
2024-09-12 21:06:22 0 [Note] InnoDB: Starting crash recovery from checkpoint LSN=318766
2024-09-12 21:06:22 0 [Note] InnoDB: 128 out of 128 rollback segments are active.
2024-09-12 21:06:22 0 [Note] InnoDB: Removed temporary tablespace data file: "ibtmp1"
2024-09-12 21:06:22 0 [Note] InnoDB: Creating shared tablespace for temporary tables
2024-09-12 21:06:22 0 [Note] InnoDB: Setting file 'C:\xampp\mysql\data\ibtmp1' size to 12 MB. Physically writing the file full; Please wait ...
2024-09-12 21:06:22 0 [Note] InnoDB: File 'C:\xampp\mysql\data\ibtmp1' size is now 12 MB.
2024-09-12 21:06:22 0 [Note] InnoDB: Waiting for purge to start
2024-09-12 21:06:23 0 [Note] InnoDB: 10.4.32 started; log sequence number 318775; transaction id 257
2024-09-12 21:06:23 0 [Note] InnoDB: Loading buffer pool(s) from C:\xampp\mysql\data\ib_buffer_pool
2024-09-12 21:06:23 0 [Note] Plugin 'FEEDBACK' is disabled.
2024-09-12 21:06:23 0 [Note] Server socket created on IP: '::'.
